<?xml version="1.0" encoding="UTF-8"?>
<!-- Generated by org.testng.reporters.JUnitReportReporter -->
<testsuite hostname="IN3156331W1" failures="0" tests="1" name="Automating_JIRA_Api.AddComment_ToIssue" time="2.594" errors="0" timestamp="2022-12-26T08:15:45 IST" skipped="0">
  <testcase classname="Automating_JIRA_Api.AddComment_ToIssue" name="addComment" time="2.594"/>
  <system-out/>
</testsuite> <!-- Automating_JIRA_Api.AddComment_ToIssue -->
