<?xml version="1.0" encoding="UTF-8"?>
<!-- Generated by org.testng.reporters.JUnitReportReporter -->
<testsuite hostname="IN3156331W1" failures="0" tests="3" name="Dynamic_Payload_JSON.Parameterizing_MultipleData" time="9.721" errors="0" timestamp="2022-12-23T15:58:37 IST" skipped="0">
  <testcase classname="Dynamic_Payload_JSON.Parameterizing_MultipleData" name="createBooks" time="2.411"/>
  <system-out/>
  <testcase classname="Dynamic_Payload_JSON.Parameterizing_MultipleData" name="createBooks" time="5.262"/>
  <system-out/>
  <testcase classname="Dynamic_Payload_JSON.Parameterizing_MultipleData" name="createBooks" time="2.048"/>
  <system-out/>
</testsuite> <!-- Dynamic_Payload_JSON.Parameterizing_MultipleData -->
