<?xml version="1.0" encoding="UTF-8"?>
<!-- Generated by org.testng.reporters.JUnitReportReporter -->
<testsuite hostname="IN3156331W1" failures="0" tests="1" name="Dynamic_Payload_JSON.DynamicPayload" time="3.462" errors="0" timestamp="2022-12-23T10:47:28 IST" skipped="0">
  <testcase classname="Dynamic_Payload_JSON.DynamicPayload" name="addBook" time="3.462"/>
  <system-out/>
</testsuite> <!-- Dynamic_Payload_JSON.DynamicPayload -->
