<?xml version="1.0" encoding="UTF-8"?>
<!-- Generated by org.testng.reporters.JUnitReportReporter -->
<testsuite hostname="IN3156331W1" failures="0" tests="1" name="Automating_JIRA_Api.GetIssue" time="1.565" errors="0" timestamp="2023-01-02T09:09:53 IST" skipped="0">
  <testcase classname="Automating_JIRA_Api.GetIssue" name="getIssueDetails" time="1.565"/>
  <system-out/>
</testsuite> <!-- Automating_JIRA_Api.GetIssue -->
