<?xml version="1.0" encoding="UTF-8"?>
<!-- Generated by org.testng.reporters.JUnitReportReporter -->
<testsuite hostname="IN3156331W1" failures="0" tests="1" name="Test_Package1.ReadData_JSONFile" time="3.472" errors="0" timestamp="2022-12-23T16:49:36 IST" skipped="0">
  <testcase classname="Test_Package1.ReadData_JSONFile" name="createBook" time="3.472"/>
  <system-out/>
</testsuite> <!-- Test_Package1.ReadData_JSONFile -->
